<?xml version="1.0" encoding="UTF-8"?>
<!-- Generated by org.testng.reporters.JUnitReportReporter -->
<testsuite skipped="0" hostname="Jorge-PC" name="seleniumTests.Test1" tests="1" failures="0" timestamp="18 mar 2019 20:21:09 GMT" time="10.485" errors="0">
  <testcase name="titulo" time="10.485" classname="seleniumTests.Test1"/>
</testsuite> <!-- seleniumTests.Test1 -->
